INFO [2019-04-05 12:52:23] [[1]]
INFO [2019-04-05 12:52:23] list(ASCA = all_sig0.1_ASCA_clust_pro[grep("ASCA", all_sig0.1_ASCA_clust_pro$method), 
INFO [2019-04-05 12:52:23]     "protein_ID"], Clustering = all_sig0.1_ASCA_clust_pro[grep("clustering", 
INFO [2019-04-05 12:52:23]     all_sig0.1_ASCA_clust_pro$method), "protein_ID"])
INFO [2019-04-05 12:52:23] 
INFO [2019-04-05 12:52:23] $fill
INFO [2019-04-05 12:52:23] c("slateblue1", "goldenrod1")
INFO [2019-04-05 12:52:23] 
INFO [2019-04-05 12:52:23] $alpha
INFO [2019-04-05 12:52:23] c(0.5, 0.5)
INFO [2019-04-05 12:52:23] 
INFO [2019-04-05 12:52:23] $euler.d
INFO [2019-04-05 12:52:23] [1] TRUE
INFO [2019-04-05 12:52:23] 
INFO [2019-04-05 12:52:23] $scaled
INFO [2019-04-05 12:52:23] [1] TRUE
INFO [2019-04-05 12:52:23] 
INFO [2019-04-05 12:52:23] $filename
INFO [2019-04-05 12:52:23] [1] "trial.jpg"
INFO [2019-04-05 12:52:23] 
