INFO [2019-04-05 12:51:25] [[1]]
INFO [2019-04-05 12:51:25] list(ASCA = all_sig0.1_ASCA_clust_pro[grep("ASCA", all_sig0.1_ASCA_clust_pro$method), 
INFO [2019-04-05 12:51:25]     "protein_ID"], Clustering = all_sig0.1_ASCA_clust_pro[grep("clustering", 
INFO [2019-04-05 12:51:25]     all_sig0.1_ASCA_clust_pro$method), "protein_ID"], Prop_test = all_sig0.1_ASCA_clust_pro[grep("Prop", 
INFO [2019-04-05 12:51:25]     all_sig0.1_ASCA_clust_pro$method), "protein_ID"])
INFO [2019-04-05 12:51:25] 
INFO [2019-04-05 12:51:25] $fill
INFO [2019-04-05 12:51:25] c("slateblue1", "goldenrod1", "palegreen")
INFO [2019-04-05 12:51:25] 
INFO [2019-04-05 12:51:25] $alpha
INFO [2019-04-05 12:51:25] c(0.5, 0.5, 0.5)
INFO [2019-04-05 12:51:25] 
INFO [2019-04-05 12:51:25] $euler.d
INFO [2019-04-05 12:51:25] [1] TRUE
INFO [2019-04-05 12:51:25] 
INFO [2019-04-05 12:51:25] $scaled
INFO [2019-04-05 12:51:25] [1] TRUE
INFO [2019-04-05 12:51:25] 
INFO [2019-04-05 12:51:25] $filename
INFO [2019-04-05 12:51:25] [1] "trial.jpg"
INFO [2019-04-05 12:51:25] 
