INFO [2019-04-05 12:52:54] [[1]]
INFO [2019-04-05 12:52:54] list(ASCA = all_sig0.1_ASCA_clust_pro[grep("ASCA", all_sig0.1_ASCA_clust_pro$method), 
INFO [2019-04-05 12:52:54]     "protein_ID"], prop = all_sig0.1_ASCA_clust_pro[grep("Prop", 
INFO [2019-04-05 12:52:54]     all_sig0.1_ASCA_clust_pro$method), "protein_ID"])
INFO [2019-04-05 12:52:54] 
INFO [2019-04-05 12:52:54] $fill
INFO [2019-04-05 12:52:54] c("slateblue1", "goldenrod1")
INFO [2019-04-05 12:52:54] 
INFO [2019-04-05 12:52:54] $alpha
INFO [2019-04-05 12:52:54] c(0.5, 0.5)
INFO [2019-04-05 12:52:54] 
INFO [2019-04-05 12:52:54] $euler.d
INFO [2019-04-05 12:52:54] [1] TRUE
INFO [2019-04-05 12:52:54] 
INFO [2019-04-05 12:52:54] $scaled
INFO [2019-04-05 12:52:54] [1] TRUE
INFO [2019-04-05 12:52:54] 
INFO [2019-04-05 12:52:54] $filename
INFO [2019-04-05 12:52:54] [1] "trial.jpg"
INFO [2019-04-05 12:52:54] 
